#
# There is insufficient memory for the Java Runtime Environment to continue.
# Native memory allocation (malloc) failed to allocate 929456 bytes for Chunk::new
# Possible reasons:
#   The system is out of physical RAM or swap space
#   The process is running with CompressedOops enabled, and the Java Heap may be blocking the growth of the native heap
# Possible solutions:
#   Reduce memory load on the system
#   Increase physical memory or swap space
#   Check if swap backing store is full
#   Decrease Java heap size (-Xmx/-Xms)
#   Decrease number of Java threads
#   Decrease Java thread stack sizes (-Xss)
#   Set larger code cache with -XX:ReservedCodeCacheSize=
#   JVM is running with Unscaled Compressed Oops mode in which the Java heap is
#     placed in the first 4GB address space. The Java Heap base address is the
#     maximum limit for the native heap growth. Please use -XX:HeapBaseMinAddress
#     to set the Java Heap base and to place the Java Heap above 4GB virtual address.
# This output file may be truncated or incomplete.
#
#  Out of Memory Error (allocation.cpp:389), pid=6308, tid=0x0000000000001e4c
#
# JRE version: OpenJDK Runtime Environment (8.0_242-b01) (build 1.8.0_242-release-1644-b01)
# Java VM: OpenJDK 64-Bit Server VM (25.242-b01 mixed mode windows-amd64 compressed oops)
# Failed to write core dump. Minidumps are not enabled by default on client versions of Windows
#

---------------  T H R E A D  ---------------

Current thread (0x0000000017e35800):  JavaThread "C2 CompilerThread0" daemon [_thread_in_native, id=7756, stack(0x0000000019440000,0x0000000019540000)]

Stack: [0x0000000019440000,0x0000000019540000]
[error occurred during error reporting (printing stack bounds), id 0xc0000005]

Native frames: (J=compiled Java code, j=interpreted, Vv=VM code, C=native code)


Current CompileTask:
C2:8370029 36365   !   4       org.gradle.api.internal.artifacts.ivyservice.resolveengine.graph.builder.NodeState::visitDependencies (206 bytes)


---------------  P R O C E S S  ---------------

Java Threads: ( => current thread )
  0x0000000021cdf800 JavaThread "Cache worker for execution history cache (D:\ThucTap\keriinternship\QuanLyVeMayBay2\.gradle\6.1.1\executionHistory)" [_thread_blocked, id=8416, stack(0x000000002a290000,0x000000002a390000)]
  0x0000000021cda000 JavaThread "Execution worker for ':' Thread 3" [_thread_blocked, id=9416, stack(0x0000000028090000,0x0000000028190000)]
  0x0000000021ce0000 JavaThread "Execution worker for ':' Thread 2" [_thread_blocked, id=8940, stack(0x0000000026ba0000,0x0000000026ca0000)]
  0x0000000021cd8800 JavaThread "Execution worker for ':'" [_thread_blocked, id=2864, stack(0x00000000267a0000,0x00000000268a0000)]
  0x0000000026ef6800 JavaThread "Cache worker for file content cache (D:\ThucTap\keriinternship\QuanLyVeMayBay2\.gradle\6.1.1\fileContent)" [_thread_blocked, id=9348, stack(0x00000000263a0000,0x00000000264a0000)]
  0x0000000026efb000 JavaThread "Cache worker for Build Output Cleanup Cache (D:\ThucTap\keriinternship\QuanLyVeMayBay2\.gradle\buildOutputCleanup)" [_thread_blocked, id=1176, stack(0x00000000257a0000,0x00000000258a0000)]
  0x0000000026ef9800 JavaThread "pool-22-thread-1" [_thread_blocked, id=7220, stack(0x0000000025020000,0x0000000025120000)]
  0x0000000026efb800 JavaThread "Build operations Thread 4" [_thread_blocked, id=3092, stack(0x0000000024b20000,0x0000000024c20000)]
  0x0000000026ef7000 JavaThread "Build operations Thread 3" [_thread_blocked, id=4252, stack(0x0000000023e20000,0x0000000023f20000)]
  0x0000000026ef8000 JavaThread "Build operations Thread 2" [_thread_blocked, id=9904, stack(0x0000000023920000,0x0000000023a20000)]
  0x0000000026ef5000 JavaThread "Build operations" [_thread_blocked, id=12696, stack(0x0000000023620000,0x0000000023720000)]
  0x0000000026efa000 JavaThread "Cache worker for cache directory md-rule (C:\Users\84888\.gradle\caches\6.1.1\md-rule)" [_thread_blocked, id=4336, stack(0x0000000023520000,0x0000000023620000)]
  0x0000000026eed800 JavaThread "Cache worker for cache directory md-supplier (C:\Users\84888\.gradle\caches\6.1.1\md-supplier)" [_thread_blocked, id=9028, stack(0x0000000023420000,0x0000000023520000)]
  0x0000000026ef4000 JavaThread "Cache worker for file hash cache (D:\ThucTap\keriinternship\QuanLyVeMayBay2\.gradle\6.1.1\fileHashes)" [_thread_blocked, id=10784, stack(0x0000000023320000,0x0000000023420000)]
  0x0000000026eef800 JavaThread "Cache worker for checksums cache (D:\ThucTap\keriinternship\QuanLyVeMayBay2\.gradle\checksums)" [_thread_blocked, id=4756, stack(0x0000000021350000,0x0000000021450000)]
  0x0000000026ef3800 JavaThread "Thread-248" [_thread_blocked, id=1784, stack(0x0000000020020000,0x0000000020120000)]
  0x000000001d582000 JavaThread "Stdin handler" [_thread_blocked, id=5200, stack(0x000000001c3b0000,0x000000001c4b0000)]
  0x000000001d578000 JavaThread "Asynchronous log dispatcher for DefaultDaemonConnection: socket connection from /127.0.0.1:60902 to /127.0.0.1:65396" [_thread_blocked, id=4216, stack(0x000000001c0b0000,0x000000001c1b0000)]
  0x000000001d57f000 JavaThread "Daemon worker Thread 11" [_thread_in_Java, id=2784, stack(0x000000001bfb0000,0x000000001c0b0000)]
  0x000000001d57d800 JavaThread "Cancel handler" [_thread_blocked, id=3308, stack(0x000000001bcb0000,0x000000001bdb0000)]
  0x000000001d57c800 JavaThread "Handler for socket connection from /127.0.0.1:60902 to /127.0.0.1:65396" [_thread_in_native, id=3904, stack(0x000000001bbb0000,0x000000001bcb0000)]
  0x000000001d579800 JavaThread "Daemon Thread 11" [_thread_blocked, id=13088, stack(0x0000000002ec0000,0x0000000002fc0000)]
  0x000000001d584800 JavaThread "Cache worker for Java compile cache (C:\Users\84888\.gradle\caches\6.1.1\javaCompile)" [_thread_blocked, id=7208, stack(0x0000000028190000,0x0000000028290000)]
  0x0000000021ce3000 JavaThread "Cache worker for file content cache (C:\Users\84888\.gradle\caches\6.1.1\fileContent)" [_thread_blocked, id=7308, stack(0x00000000268a0000,0x00000000269a0000)]
  0x0000000021ce7000 JavaThread "Memory manager" [_thread_blocked, id=10192, stack(0x00000000264a0000,0x00000000265a0000)]
  0x000000001aeaa000 JavaThread "Cache worker for execution history cache (C:\Users\84888\.gradle\caches\6.1.1\executionHistory)" [_thread_blocked, id=12348, stack(0x0000000021450000,0x0000000021550000)]
  0x000000001aeab800 JavaThread "Cache worker for file hash cache (C:\Users\84888\.gradle\caches\6.1.1\fileHashes)" [_thread_blocked, id=10520, stack(0x000000001e850000,0x000000001e950000)]
  0x000000001aeac000 JavaThread "File lock request listener" [_thread_in_native, id=11136, stack(0x000000001d780000,0x000000001d880000)]
  0x000000001aea8800 JavaThread "Cache worker for journal cache (C:\Users\84888\.gradle\caches\journal-1)" [_thread_blocked, id=6920, stack(0x000000001d680000,0x000000001d780000)]
  0x000000001a8f3000 JavaThread "Daemon periodic checks" [_thread_blocked, id=3328, stack(0x000000001bab0000,0x000000001bbb0000)]
  0x000000001ace7800 JavaThread "Incoming local TCP Connector on port 60902" [_thread_in_native, id=11044, stack(0x0000000019e40000,0x0000000019f40000)]
  0x000000001a892000 JavaThread "Daemon health stats" [_thread_blocked, id=12408, stack(0x0000000019d40000,0x0000000019e40000)]
  0x00000000196bb000 JavaThread "Service Thread" daemon [_thread_blocked, id=10084, stack(0x0000000019b40000,0x0000000019c40000)]
  0x0000000019698000 JavaThread "C1 CompilerThread2" daemon [_thread_in_vm, id=6844, stack(0x0000000019a40000,0x0000000019b40000)]
  0x0000000017e39000 JavaThread "C2 CompilerThread1" daemon [_thread_blocked, id=11028, stack(0x0000000019540000,0x0000000019640000)]
=>0x0000000017e35800 JavaThread "C2 CompilerThread0" daemon [_thread_in_native, id=7756, stack(0x0000000019440000,0x0000000019540000)]
  0x0000000017e33800 JavaThread "Attach Listener" daemon [_thread_blocked, id=8936, stack(0x0000000019340000,0x0000000019440000)]
  0x0000000017df0800 JavaThread "Signal Dispatcher" daemon [_thread_blocked, id=4764, stack(0x0000000019240000,0x0000000019340000)]
  0x00000000031bd000 JavaThread "Finalizer" daemon [_thread_blocked, id=8212, stack(0x0000000019040000,0x0000000019140000)]
  0x0000000017dc9000 JavaThread "Reference Handler" daemon [_thread_blocked, id=5284, stack(0x0000000018f40000,0x0000000019040000)]
  0x0000000002ebe000 JavaThread "main" [_thread_blocked, id=10704, stack(0x0000000002fc0000,0x00000000030c0000)]

Other Threads:
  0x0000000017da6000 VMThread [stack: 0x0000000018e40000,0x0000000018f40000] [id=6292]
  0x00000000196bc000 WatcherThread [stack: 0x0000000019c40000,0x0000000019d40000] [id=7572]

VM state:not at safepoint (normal execution)

VM Mutex/Monitor currently owned by a thread: None

heap address: 0x0000000080000000, size: 2048 MB, Compressed Oops mode: 32-bit
Narrow klass base: 0x0000000000000000, Narrow klass shift: 3
Compressed class space size: 1073741824 Address: 0x0000000100000000

Heap:
 PSYoungGen      total 599040K, used 123116K [0x00000000d5580000, 0x00000000ff300000, 0x0000000100000000)
  eden space 524800K, 16% used [0x00000000d5580000,0x00000000daaa5c28,0x00000000f5600000)
  from space 74240K, 48% used [0x00000000faa80000,0x00000000fcd95730,0x00000000ff300000)
  to   space 80384K, 0% used [0x00000000f5600000,0x00000000f5600000,0x00000000fa480000)
 ParOldGen       total 220160K, used 110053K [0x0000000080000000, 0x000000008d700000, 0x00000000d5580000)
  object space 220160K, 49% used [0x0000000080000000,0x0000000086b795d8,0x000000008d700000)
 Metaspace       used 191175K, capacity 199866K, committed 200216K, reserved 1222656K
  class space    used 24185K, capacity 25924K, committed 26152K, reserved 1048576K

Card table byte_map: [0x0000000012580000,0x0000000012990000] byte_map_base: 0x0000000012180000

Marking Bits: (ParMarkBitMap*) 0x0000000072a5f030
 Begin Bits: [0x0000000013040000, 0x0000000015040000)
 End Bits:   [0x0000000015040000, 0x0000000017040000)

Polling page: 0x0000000000f60000

CodeCache: size=245760Kb used=101238Kb max_used=101395Kb free=144521Kb
 bounds [0x00000000031c0000, 0x0000000009560000, 0x00000000121c0000]
 total_blobs=27760 nmethods=26776 adapters=892
 compilation: enabled

Compilation events (10 events):
Event: 8369.148 Thread 0x0000000017e35800 nmethod 36361 0x0000000003cd1610 code [0x0000000003cd17e0, 0x0000000003cd2248]
Event: 8369.223 Thread 0x0000000019698000 36363       3       org.gradle.api.internal.GeneratedSubclasses::unpackType (22 bytes)
Event: 8369.224 Thread 0x0000000019698000 nmethod 36363 0x0000000003313910 code [0x0000000003313aa0, 0x0000000003313f88]
Event: 8369.414 Thread 0x0000000019698000 36364       1       org.gradle.api.internal.artifacts.ivyservice.ivyresolve.UserResolverChain::getArtifactResolver (5 bytes)
Event: 8369.415 Thread 0x0000000019698000 nmethod 36364 0x0000000003add8d0 code [0x0000000003adda20, 0x0000000003addb30]
Event: 8369.432 Thread 0x0000000017e35800 36365   !   4       org.gradle.api.internal.artifacts.ivyservice.resolveengine.graph.builder.NodeState::visitDependencies (206 bytes)
Event: 8369.624 Thread 0x0000000017e39000 36366       4       com.google.common.collect.CompactHashMap$EntrySetView::<init> (10 bytes)
Event: 8369.632 Thread 0x0000000017e39000 nmethod 36366 0x00000000036624d0 code [0x0000000003662600, 0x0000000003662678]
Event: 8370.012 Thread 0x0000000019698000 36367       1       com.android.builder.core.AbstractProductFlavor::getApplicationId (5 bytes)
Event: 8370.015 Thread 0x0000000019698000 nmethod 36367 0x00000000054a45d0 code [0x00000000054a4720, 0x00000000054a4830]

GC Heap History (10 events):
Event: 6239.913 GC heap before
{Heap before GC invocations=50 (full 6):
 PSYoungGen      total 577024K, used 53240K [0x00000000d5580000, 0x0000000100000000, 0x0000000100000000)
  eden space 523776K, 0% used [0x00000000d5580000,0x00000000d5580000,0x00000000f5500000)
  from space 53248K, 99% used [0x00000000fcc00000,0x00000000ffffe298,0x0000000100000000)
  to   space 87552K, 0% used [0x00000000f5500000,0x00000000f5500000,0x00000000faa80000)
 ParOldGen       total 193536K, used 185525K [0x0000000080000000, 0x000000008bd00000, 0x00000000d5580000)
  object space 193536K, 95% used [0x0000000080000000,0x000000008b52d6f0,0x000000008bd00000)
 Metaspace       used 154190K, capacity 161700K, committed 162072K, reserved 1189888K
  class space    used 19447K, capacity 20943K, committed 21032K, reserved 1048576K
Event: 6242.991 GC heap after
Heap after GC invocations=50 (full 6):
 PSYoungGen      total 577024K, used 0K [0x00000000d5580000, 0x0000000100000000, 0x0000000100000000)
  eden space 523776K, 0% used [0x00000000d5580000,0x00000000d5580000,0x00000000f5500000)
  from space 53248K, 0% used [0x00000000fcc00000,0x00000000fcc00000,0x0000000100000000)
  to   space 87552K, 0% used [0x00000000f5500000,0x00000000f5500000,0x00000000faa80000)
 ParOldGen       total 220160K, used 110021K [0x0000000080000000, 0x000000008d700000, 0x00000000d5580000)
  object space 220160K, 49% used [0x0000000080000000,0x0000000086b715d8,0x000000008d700000)
 Metaspace       used 144141K, capacity 150438K, committed 162072K, reserved 1189888K
  class space    used 18174K, capacity 19384K, committed 21032K, reserved 1048576K
}
Event: 6290.406 GC heap before
{Heap before GC invocations=51 (full 6):
 PSYoungGen      total 577024K, used 523776K [0x00000000d5580000, 0x0000000100000000, 0x0000000100000000)
  eden space 523776K, 100% used [0x00000000d5580000,0x00000000f5500000,0x00000000f5500000)
  from space 53248K, 0% used [0x00000000fcc00000,0x00000000fcc00000,0x0000000100000000)
  to   space 87552K, 0% used [0x00000000f5500000,0x00000000f5500000,0x00000000faa80000)
 ParOldGen       total 220160K, used 110021K [0x0000000080000000, 0x000000008d700000, 0x00000000d5580000)
  object space 220160K, 49% used [0x0000000080000000,0x0000000086b715d8,0x000000008d700000)
 Metaspace       used 156960K, capacity 163888K, committed 165272K, reserved 1193984K
  class space    used 19816K, capacity 21189K, committed 21416K, reserved 1048576K
Event: 6290.603 GC heap after
Heap after GC invocations=51 (full 6):
 PSYoungGen      total 611328K, used 29682K [0x00000000d5580000, 0x0000000100000000, 0x0000000100000000)
  eden space 523776K, 0% used [0x00000000d5580000,0x00000000d5580000,0x00000000f5500000)
  from space 87552K, 33% used [0x00000000f5500000,0x00000000f71fc800,0x00000000faa80000)
  to   space 83456K, 0% used [0x00000000fae80000,0x00000000fae80000,0x0000000100000000)
 ParOldGen       total 220160K, used 110029K [0x0000000080000000, 0x000000008d700000, 0x00000000d5580000)
  object space 220160K, 49% used [0x0000000080000000,0x0000000086b735d8,0x000000008d700000)
 Metaspace       used 156960K, capacity 163888K, committed 165272K, reserved 1193984K
  class space    used 19816K, capacity 21189K, committed 21416K, reserved 1048576K
}
Event: 6997.187 GC heap before
{Heap before GC invocations=52 (full 6):
 PSYoungGen      total 611328K, used 553458K [0x00000000d5580000, 0x0000000100000000, 0x0000000100000000)
  eden space 523776K, 100% used [0x00000000d5580000,0x00000000f5500000,0x00000000f5500000)
  from space 87552K, 33% used [0x00000000f5500000,0x00000000f71fc800,0x00000000faa80000)
  to   space 83456K, 0% used [0x00000000fae80000,0x00000000fae80000,0x0000000100000000)
 ParOldGen       total 220160K, used 110029K [0x0000000080000000, 0x000000008d700000, 0x00000000d5580000)
  object space 220160K, 49% used [0x0000000080000000,0x0000000086b735d8,0x000000008d700000)
 Metaspace       used 170089K, capacity 177698K, committed 178328K, reserved 1204224K
  class space    used 21514K, capacity 23006K, committed 23208K, reserved 1048576K
Event: 6997.856 GC heap after
Heap after GC invocations=52 (full 6):
 PSYoungGen      total 604160K, used 63247K [0x00000000d5580000, 0x0000000100000000, 0x0000000100000000)
  eden space 520704K, 0% used [0x00000000d5580000,0x00000000d5580000,0x00000000f5200000)
  from space 83456K, 75% used [0x00000000fae80000,0x00000000fec43d88,0x0000000100000000)
  to   space 89088K, 0% used [0x00000000f5200000,0x00000000f5200000,0x00000000fa900000)
 ParOldGen       total 220160K, used 110037K [0x0000000080000000, 0x000000008d700000, 0x00000000d5580000)
  object space 220160K, 49% used [0x0000000080000000,0x0000000086b755d8,0x000000008d700000)
 Metaspace       used 170089K, capacity 177698K, committed 178328K, reserved 1204224K
  class space    used 21514K, capacity 23006K, committed 23208K, reserved 1048576K
}
Event: 7370.198 GC heap before
{Heap before GC invocations=53 (full 6):
 PSYoungGen      total 604160K, used 583951K [0x00000000d5580000, 0x0000000100000000, 0x0000000100000000)
  eden space 520704K, 100% used [0x00000000d5580000,0x00000000f5200000,0x00000000f5200000)
  from space 83456K, 75% used [0x00000000fae80000,0x00000000fec43d88,0x0000000100000000)
  to   space 89088K, 0% used [0x00000000f5200000,0x00000000f5200000,0x00000000fa900000)
 ParOldGen       total 220160K, used 110037K [0x0000000080000000, 0x000000008d700000, 0x00000000d5580000)
  object space 220160K, 49% used [0x0000000080000000,0x0000000086b755d8,0x000000008d700000)
 Metaspace       used 174953K, capacity 182740K, committed 183576K, reserved 1208320K
  class space    used 22068K, capacity 23633K, committed 23848K, reserved 1048576K
Event: 7370.764 GC heap after
Heap after GC invocations=53 (full 6):
 PSYoungGen      total 609792K, used 31859K [0x00000000d5580000, 0x00000000ffd80000, 0x0000000100000000)
  eden space 520704K, 0% used [0x00000000d5580000,0x00000000d5580000,0x00000000f5200000)
  from space 89088K, 35% used [0x00000000f5200000,0x00000000f711ce30,0x00000000fa900000)
  to   space 84992K, 0% used [0x00000000faa80000,0x00000000faa80000,0x00000000ffd80000)
 ParOldGen       total 220160K, used 110045K [0x0000000080000000, 0x000000008d700000, 0x00000000d5580000)
  object space 220160K, 49% used [0x0000000080000000,0x0000000086b775d8,0x000000008d700000)
 Metaspace       used 174953K, capacity 182740K, committed 183576K, reserved 1208320K
  class space    used 22068K, capacity 23633K, committed 23848K, reserved 1048576K
}
Event: 8360.627 GC heap before
{Heap before GC invocations=54 (full 6):
 PSYoungGen      total 609792K, used 552563K [0x00000000d5580000, 0x00000000ffd80000, 0x0000000100000000)
  eden space 520704K, 100% used [0x00000000d5580000,0x00000000f5200000,0x00000000f5200000)
  from space 89088K, 35% used [0x00000000f5200000,0x00000000f711ce30,0x00000000fa900000)
  to   space 84992K, 0% used [0x00000000faa80000,0x00000000faa80000,0x00000000ffd80000)
 ParOldGen       total 220160K, used 110045K [0x0000000080000000, 0x000000008d700000, 0x00000000d5580000)
  object space 220160K, 49% used [0x0000000080000000,0x0000000086b775d8,0x000000008d700000)
 Metaspace       used 191070K, capacity 199556K, committed 199832K, reserved 1222656K
  class space    used 24163K, capacity 25883K, committed 26024K, reserved 1048576K
Event: 8361.882 GC heap after
Heap after GC invocations=54 (full 6):
 PSYoungGen      total 599040K, used 35925K [0x00000000d5580000, 0x00000000ff300000, 0x0000000100000000)
  eden space 524800K, 0% used [0x00000000d5580000,0x00000000d5580000,0x00000000f5600000)
  from space 74240K, 48% used [0x00000000faa80000,0x00000000fcd95730,0x00000000ff300000)
  to   space 80384K, 0% used [0x00000000f5600000,0x00000000f5600000,0x00000000fa480000)
 ParOldGen       total 220160K, used 110053K [0x0000000080000000, 0x000000008d700000, 0x00000000d5580000)
  object space 220160K, 49% used [0x0000000080000000,0x0000000086b795d8,0x000000008d700000)
 Metaspace       used 191070K, capacity 199556K, committed 199832K, reserved 1222656K
  class space    used 24163K, capacity 25883K, committed 26024K, reserved 1048576K
}

Deoptimization events (10 events):
Event: 7380.228 Thread 0x0000000026ef9800 Uncommon trap: reason=speculate_class_check action=maybe_recompile pc=0x0000000009172018 method=com.sun.tools.javac.tree.JCTree.hasTag(Lcom/sun/tools/javac/tree/JCTree$Tag;)Z @ 2
Event: 7383.697 Thread 0x0000000026ef5800 Uncommon trap: reason=class_check action=maybe_recompile pc=0x0000000008287a6c method=org.gradle.internal.fingerprint.classpath.impl.ClasspathFingerprintingStrategy$ClasspathContentFingerprintingVisitor.visitFile(Lorg/gradle/internal/snapshot/CompleteFile
Event: 7383.766 Thread 0x000000001db03800 Uncommon trap: reason=bimorphic action=maybe_recompile pc=0x0000000008e15f08 method=com.google.common.collect.ImmutableMap.copyOf(Ljava/lang/Iterable;)Lcom/google/common/collect/ImmutableMap; @ 53
Event: 7383.875 Thread 0x000000001db03800 Uncommon trap: reason=unstable_if action=reinterpret pc=0x00000000075cbfc0 method=com.android.apksig.internal.jar.ManifestParser.readLine()[B @ 8
Event: 8357.259 Thread 0x000000001d57c800 Uncommon trap: reason=null_check action=make_not_entrant pc=0x0000000008de0a50 method=java.io.ObjectStreamClass.getField(Ljava/lang/String;Ljava/lang/Class;)Ljava/io/ObjectStreamField; @ 67
Event: 8357.260 Thread 0x000000001d57c800 Uncommon trap: reason=null_check action=make_not_entrant pc=0x0000000008de1698 method=java.io.ObjectStreamClass.getField(Ljava/lang/String;Ljava/lang/Class;)Ljava/io/ObjectStreamField; @ 67
Event: 8360.005 Thread 0x000000001d57f000 Uncommon trap: reason=class_check action=maybe_recompile pc=0x000000000387f91c method=java.util.Spliterators$ArraySpliterator.tryAdvance(Ljava/util/function/Consumer;)Z @ 49
Event: 8360.200 Thread 0x000000001d57f000 Uncommon trap: reason=class_check action=maybe_recompile pc=0x000000000387f91c method=java.util.Spliterators$ArraySpliterator.tryAdvance(Ljava/util/function/Consumer;)Z @ 49
Event: 8363.215 Thread 0x0000000021cd8800 Uncommon trap: reason=unstable_if action=reinterpret pc=0x00000000051cb834 method=org.gradle.internal.service.DefaultServiceRegistry$SingletonService.prepare()Lorg/gradle/internal/service/Service; @ 68
Event: 8364.490 Thread 0x0000000021cda000 Uncommon trap: reason=unstable_if action=reinterpret pc=0x00000000077394e8 method=java.util.concurrent.ConcurrentHashMap.replaceNode(Ljava/lang/Object;Ljava/lang/Object;Ljava/lang/Object;)Ljava/lang/Object; @ 62

Classes redefined (0 events):
No events

Internal exceptions (10 events):
Event: 8357.661 Thread 0x000000001d57f000 Exception <a 'java/lang/NoSuchMethodError': <clinit>> (0x00000000f30a2b60) thrown at [C:\src\AOSP-openjdk-git\hotspot\src\share\vm\prims\jni.cpp, line 1615]
Event: 8357.720 Thread 0x000000001d57f000 Exception <a 'java/lang/NoSuchMethodError': <clinit>> (0x00000000f30f8e90) thrown at [C:\src\AOSP-openjdk-git\hotspot\src\share\vm\prims\jni.cpp, line 1615]
Event: 8357.790 Thread 0x000000001d57f000 Exception <a 'java/lang/NoSuchMethodError': <clinit>> (0x00000000f3215b18) thrown at [C:\src\AOSP-openjdk-git\hotspot\src\share\vm\prims\jni.cpp, line 1615]
Event: 8357.790 Thread 0x000000001d57f000 Exception <a 'java/lang/NoSuchMethodError': <clinit>> (0x00000000f3219b58) thrown at [C:\src\AOSP-openjdk-git\hotspot\src\share\vm\prims\jni.cpp, line 1615]
Event: 8357.790 Thread 0x000000001d57f000 Exception <a 'java/lang/NoSuchMethodError': <clinit>> (0x00000000f321b490) thrown at [C:\src\AOSP-openjdk-git\hotspot\src\share\vm\prims\jni.cpp, line 1615]
Event: 8357.790 Thread 0x000000001d57f000 Exception <a 'java/lang/NoSuchMethodError': <clinit>> (0x00000000f321c940) thrown at [C:\src\AOSP-openjdk-git\hotspot\src\share\vm\prims\jni.cpp, line 1615]
Event: 8357.791 Thread 0x000000001d57f000 Exception <a 'java/lang/NoSuchMethodError': <clinit>> (0x00000000f321e040) thrown at [C:\src\AOSP-openjdk-git\hotspot\src\share\vm\prims\jni.cpp, line 1615]
Event: 8357.791 Thread 0x000000001d57f000 Exception <a 'java/lang/NoSuchMethodError': <clinit>> (0x00000000f321f5f0) thrown at [C:\src\AOSP-openjdk-git\hotspot\src\share\vm\prims\jni.cpp, line 1615]
Event: 8357.791 Thread 0x000000001d57f000 Exception <a 'java/lang/NoSuchMethodError': <clinit>> (0x00000000f3220a40) thrown at [C:\src\AOSP-openjdk-git\hotspot\src\share\vm\prims\jni.cpp, line 1615]
Event: 8359.223 Thread 0x000000001d57f000 Exception <a 'sun/nio/fs/WindowsException'> (0x00000000f3dc24d8) thrown at [C:\src\AOSP-openjdk-git\hotspot\src\share\vm\prims\jni.cpp, line 710]

Events (10 events):
Event: 8369.472 Thread 0x0000000019698000 flushing nmethod 0x00000000076889d0
Event: 8369.489 Thread 0x0000000019698000 flushing nmethod 0x000000000774f710
Event: 8369.496 Thread 0x0000000019698000 flushing nmethod 0x00000000077be1d0
Event: 8369.496 Thread 0x0000000019698000 flushing nmethod 0x00000000077beb50
Event: 8369.632 Thread 0x0000000017e39000 flushing nmethod 0x0000000007861e50
Event: 8369.645 Thread 0x0000000017e39000 flushing nmethod 0x000000000799e910
Event: 8369.665 Thread 0x0000000017e39000 flushing nmethod 0x0000000007f46f50
Event: 8369.668 Thread 0x0000000017e39000 flushing nmethod 0x0000000007feab90
Event: 8369.707 Thread 0x0000000017e39000 flushing nmethod 0x00000000083191d0
Event: 8370.017 Thread 0x0000000019698000 flushing nmethod 0x00000000083d2250


Dynamic libraries:
0x00007ff74b0f0000 - 0x00007ff74b121000 	C:\Program Files\Android\Android Studio\jre\bin\java.exe
0x00007ff869570000 - 0x00007ff869765000 	C:\WINDOWS\SYSTEM32\ntdll.dll
0x00007ff868680000 - 0x00007ff86873d000 	C:\WINDOWS\System32\KERNEL32.DLL
0x00007ff867200000 - 0x00007ff8674c7000 	C:\WINDOWS\System32\KERNELBASE.dll
0x00007ff8689c0000 - 0x00007ff868a6a000 	C:\WINDOWS\System32\ADVAPI32.dll
0x00007ff868a70000 - 0x00007ff868b0e000 	C:\WINDOWS\System32\msvcrt.dll
0x00007ff868500000 - 0x00007ff86859b000 	C:\WINDOWS\System32\sechost.dll
0x00007ff868080000 - 0x00007ff8681a3000 	C:\WINDOWS\System32\RPCRT4.dll
0x00007ff868820000 - 0x00007ff8689c0000 	C:\WINDOWS\System32\USER32.dll
0x00007ff866e20000 - 0x00007ff866e42000 	C:\WINDOWS\System32\win32u.dll
0x00007ff868b10000 - 0x00007ff868b3a000 	C:\WINDOWS\System32\GDI32.dll
0x00007ff8674d0000 - 0x00007ff8675da000 	C:\WINDOWS\System32\gdi32full.dll
0x00007ff866f50000 - 0x00007ff866fed000 	C:\WINDOWS\System32\msvcp_win.dll
0x00007ff866e50000 - 0x00007ff866f50000 	C:\WINDOWS\System32\ucrtbase.dll
0x00007ff853af0000 - 0x00007ff853d8a000 	C:\WINDOWS\WinSxS\amd64_microsoft.windows.common-controls_6595b64144ccf1df_6.0.19041.1_none_b555e41d4684ddec\COMCTL32.dll
0x00007ff867c80000 - 0x00007ff867cb0000 	C:\WINDOWS\System32\IMM32.DLL
0x0000000073370000 - 0x0000000073442000 	C:\Program Files\Android\Android Studio\jre\jre\bin\msvcr100.dll
0x0000000072290000 - 0x0000000072adb000 	C:\Program Files\Android\Android Studio\jre\jre\bin\server\jvm.dll
0x00007ff8675e0000 - 0x00007ff8675e8000 	C:\WINDOWS\System32\PSAPI.DLL
0x00007ff85fe50000 - 0x00007ff85fe59000 	C:\WINDOWS\SYSTEM32\WSOCK32.dll
0x00007ff868b40000 - 0x00007ff868bab000 	C:\WINDOWS\System32\WS2_32.dll
0x00007ff856480000 - 0x00007ff8564a7000 	C:\WINDOWS\SYSTEM32\WINMM.dll
0x00007ff85e540000 - 0x00007ff85e54a000 	C:\WINDOWS\SYSTEM32\VERSION.dll
0x00007ff85cb50000 - 0x00007ff85cb5f000 	C:\Program Files\Android\Android Studio\jre\jre\bin\verify.dll
0x00007ff8549b0000 - 0x00007ff8549d9000 	C:\Program Files\Android\Android Studio\jre\jre\bin\java.dll
0x00007ff853040000 - 0x00007ff853056000 	C:\Program Files\Android\Android Studio\jre\jre\bin\zip.dll
0x00007ff868bb0000 - 0x00007ff8692f0000 	C:\WINDOWS\System32\SHELL32.dll
0x00007ff864e40000 - 0x00007ff8655d1000 	C:\WINDOWS\SYSTEM32\windows.storage.dll
0x00007ff867d10000 - 0x00007ff868063000 	C:\WINDOWS\System32\combase.dll
0x00007ff866670000 - 0x00007ff86669c000 	C:\WINDOWS\SYSTEM32\Wldp.dll
0x00007ff8685a0000 - 0x00007ff86864e000 	C:\WINDOWS\System32\SHCORE.dll
0x00007ff869400000 - 0x00007ff869455000 	C:\WINDOWS\System32\shlwapi.dll
0x00007ff866c00000 - 0x00007ff866c1f000 	C:\WINDOWS\SYSTEM32\profapi.dll
0x00007ff853020000 - 0x00007ff85303a000 	C:\Program Files\Android\Android Studio\jre\jre\bin\net.dll
0x00007ff8663f0000 - 0x00007ff86645a000 	C:\WINDOWS\system32\mswsock.dll
0x00007ff8482d0000 - 0x00007ff8482e3000 	C:\Program Files\Android\Android Studio\jre\jre\bin\nio.dll
0x00007ff85cc20000 - 0x00007ff85cc46000 	C:\Users\84888\.gradle\native\31\windows-amd64\native-platform.dll
0x00007ff85caa0000 - 0x00007ff85caad000 	C:\Program Files\Android\Android Studio\jre\jre\bin\management.dll
0x00007ff8665d0000 - 0x00007ff8665e8000 	C:\WINDOWS\SYSTEM32\CRYPTSP.dll
0x00007ff865d80000 - 0x00007ff865db4000 	C:\WINDOWS\system32\rsaenh.dll
0x00007ff866d70000 - 0x00007ff866d97000 	C:\WINDOWS\System32\bcrypt.dll
0x00007ff866bc0000 - 0x00007ff866bee000 	C:\WINDOWS\SYSTEM32\USERENV.dll
0x00007ff866da0000 - 0x00007ff866e1f000 	C:\WINDOWS\System32\bcryptprimitives.dll
0x00007ff8665c0000 - 0x00007ff8665cc000 	C:\WINDOWS\SYSTEM32\CRYPTBASE.dll
0x00007ff8660e0000 - 0x00007ff86611b000 	C:\WINDOWS\SYSTEM32\IPHLPAPI.DLL
0x00007ff868070000 - 0x00007ff868079000 	C:\WINDOWS\System32\NSI.dll
0x00007ff85e9e0000 - 0x00007ff85e9f7000 	C:\WINDOWS\SYSTEM32\dhcpcsvc6.DLL
0x00007ff85e9c0000 - 0x00007ff85e9dd000 	C:\WINDOWS\SYSTEM32\dhcpcsvc.DLL
0x00007ff866120000 - 0x00007ff8661ea000 	C:\WINDOWS\SYSTEM32\DNSAPI.dll
0x00007ff847b80000 - 0x00007ff847ba4000 	C:\Program Files\Android\Android Studio\jre\jre\bin\sunec.dll
0x00007ff85dbf0000 - 0x00007ff85dbfa000 	C:\Windows\System32\rasadhlp.dll
0x00007ff85d980000 - 0x00007ff85d9ff000 	C:\WINDOWS\System32\fwpuclnt.dll
0x00007ff85f940000 - 0x00007ff85f94b000 	C:\Program Files\Android\Android Studio\jre\jre\bin\sunmscapi.dll
0x00007ff866ff0000 - 0x00007ff86714d000 	C:\WINDOWS\System32\CRYPT32.dll
0x00007ff865a30000 - 0x00007ff865a63000 	C:\WINDOWS\SYSTEM32\ntmarta.dll
0x00007ff864680000 - 0x00007ff864710000 	C:\WINDOWS\system32\apphelp.dll

VM Arguments:
jvm_args: -Xmx2048m -Dfile.encoding=windows-31j -Duser.country=US -Duser.language=en -Duser.variant 
java_command: org.gradle.launcher.daemon.bootstrap.GradleDaemon 6.1.1
java_class_path (initial): C:\Users\84888\.gradle\wrapper\dists\gradle-6.1.1-all\cfmwm155h49vnt3hynmlrsdst\gradle-6.1.1\lib\gradle-launcher-6.1.1.jar
Launcher Type: SUN_STANDARD

Environment Variables:
PATH=C:\Program Files (x86)\Common Files\Oracle\Java\javapath;C:\ProgramData\Oracle\Java\javapath;C:\WINDOWS\system32;C:\WINDOWS;C:\WINDOWS\System32\Wbem;C:\WINDOWS\System32\WindowsPowerShell\v1.0\;C:\WINDOWS\System32\OpenSSH\;C:\Program Files\dotnet\;C:\Program Files\Microsoft SQL Server\130\Tools\Binn\;C:\Program Files\Microsoft SQL Server\Client SDK\ODBC\170\Tools\Binn\;C:\xampp\php;C:\composer;C:\Program Files\TortoiseGit\bin;C:\Program Files\Microsoft SQL Server\110\Tools\Binn\;C:\Program Files (x86)\Microsoft SQL Server\110\Tools\Binn\;C:\Program Files\Microsoft SQL Server\110\DTS\Binn\;C:\Program Files (x86)\Microsoft SQL Server\110\Tools\Binn\ManagementStudio\;C:\Program Files (x86)\Microsoft Visual Studio 10.0\Common7\IDE\PrivateAssemblies\;C:\Program Files (x86)\Microsoft SQL Server\110\DTS\Binn\;C:\Program Files\Git\cmd;C:\Users\84888\AppData\Local\Microsoft\WindowsApps;C:\Users\84888\AppData\Local\Programs\Microsoft VS Code\bin;C:\Users\84888\AppData\Roaming\Composer\vendor\bin;C:\Users\84888\AppData\Roaming\Dashlane\6.1950.0.28527\bin\Firefox_Extension\{442718d9-475e-452a-b3e1-fb1ee16b8e9f}\components;C:\Users\84888\AppData\Roaming\Dashlane\6.1950.0.28527\ucrt;C:\Users\84888\AppData\Roaming\Dashlane\6.1950.0.28527\bin\Qt;C:\Users\84888\AppData\Roaming\Dashlane\6.1950.0.28527\bin\Ssl;C:\Users\84888\AppData\Local\GitHubDesktop\bin;D:\install_exe\flutter\flutter\bin;
USERNAME=84888
OS=Windows_NT
PROCESSOR_IDENTIFIER=Intel64 Family 6 Model 58 Stepping 9, GenuineIntel



---------------  S Y S T E M  ---------------

OS: Windows 10.0 , 64 bit Build 19041 (10.0.19041.292)

CPU:total 4 (initial active 4) (2 cores per cpu, 2 threads per core) family 6 model 58 stepping 9, cmov, cx8, fxsr, mmx, sse, sse2, sse3, ssse3, sse4.1, sse4.2, popcnt, avx, aes, clmul, erms, ht, tsc, tscinvbit, tscinv

Memory: 4k page, physical 4077180k(204104k free), swap 12269180k(3208k free)

vm_info: OpenJDK 64-Bit Server VM (25.242-b01) for windows-amd64 JRE (1.8.0_242-release-1644-b01), built by "builder" with MS VC++ 10.0 (VS2010)

time: Fri Sep 11 15:16:38 2020
timezone: SE Asia Standard Time
elapsed time: 8370 seconds (0d 2h 19m 30s)

